2020-06-05 20:22:12,663 [Worker-4: Loading available Gradle versions] INFO  o.e.b.c.i.u.g.PublishedGradleVersions - Gradle version information cache is up-to-date. Trying to read.
2020-06-06 18:21:03,521 [Worker-3: Loading available Gradle versions] INFO  o.e.b.c.i.u.g.PublishedGradleVersions - Gradle version information cache is up-to-date. Trying to read.
2020-06-06 19:03:19,227 [Worker-7: Creating maven-archetype-quickstart] INFO  o.e.m.c.i.p.ProjectConfigurationManager - Collecting project info '/pom.xml' D:\Work_P\gitRepo\WETESTERR-MENTEE-YOGESH\yogesh_test\pom.xml
2020-06-06 19:03:19,983 [Worker-7: Creating maven-archetype-quickstart] INFO  o.e.m.c.i.l.LifecycleMappingFactory - Using org.eclipse.m2e.jdt.JarLifecycleMapping lifecycle mapping for MavenProject: org.learning:yogesh_test:0.0.1-SNAPSHOT @ D:\Work_P\gitRepo\WETESTERR-MENTEE-YOGESH\yogesh_test\pom.xml.
2020-06-06 19:03:20,233 [Worker-7: Creating maven-archetype-quickstart] INFO  o.e.m.j.i.AbstractJavaProjectConfigurator - Adding source folder /yogesh_test/src/main/java
2020-06-06 19:03:20,236 [Worker-7: Creating maven-archetype-quickstart] INFO  o.e.m.j.i.AbstractJavaProjectConfigurator - Adding source folder /yogesh_test/src/test/java
2020-06-06 19:03:20,736 [Worker-7: Creating maven-archetype-quickstart] INFO  o.e.m.c.i.p.ProjectConfigurationManager - Imported and configured 1 project(s) in 1 sec
2020-06-06 19:03:21,464 [Worker-23: Building] INFO  o.e.m.c.i.embedder.EclipseLogger - Using 'UTF-8' encoding to copy filtered resources.
2020-06-06 19:03:21,464 [Worker-23: Building] INFO  o.e.m.c.i.embedder.EclipseLogger - skip non existing resourceDirectory D:\Work_P\gitRepo\WETESTERR-MENTEE-YOGESH\yogesh_test\src\main\resources
2020-06-06 19:03:21,467 [Worker-23: Building] INFO  o.e.m.c.i.embedder.EclipseLogger - Using 'UTF-8' encoding to copy filtered resources.
2020-06-06 19:03:21,467 [Worker-23: Building] INFO  o.e.m.c.i.embedder.EclipseLogger - skip non existing resourceDirectory D:\Work_P\gitRepo\WETESTERR-MENTEE-YOGESH\yogesh_test\src\test\resources
2020-06-06 19:03:45,145 [Worker-26: Building] INFO  o.e.m.c.i.embedder.EclipseLogger - Using 'UTF-8' encoding to copy filtered resources.
2020-06-06 19:03:45,146 [Worker-26: Building] INFO  o.e.m.c.i.embedder.EclipseLogger - skip non existing resourceDirectory D:\Work_P\gitRepo\WETESTERR-MENTEE-YOGESH\yogesh_test\src\main\resources
2020-06-06 19:03:45,148 [Worker-26: Building] INFO  o.e.m.c.i.embedder.EclipseLogger - Using 'UTF-8' encoding to copy filtered resources.
2020-06-06 19:03:45,148 [Worker-26: Building] INFO  o.e.m.c.i.embedder.EclipseLogger - skip non existing resourceDirectory D:\Work_P\gitRepo\WETESTERR-MENTEE-YOGESH\yogesh_test\src\test\resources
2020-06-06 19:03:56,927 [Worker-29: Building] INFO  o.e.m.c.i.embedder.EclipseLogger - Using 'UTF-8' encoding to copy filtered resources.
2020-06-06 19:03:56,928 [Worker-29: Building] INFO  o.e.m.c.i.embedder.EclipseLogger - skip non existing resourceDirectory D:\Work_P\gitRepo\WETESTERR-MENTEE-YOGESH\yogesh_test\src\main\resources
2020-06-06 19:03:56,929 [Worker-29: Building] INFO  o.e.m.c.i.embedder.EclipseLogger - Using 'UTF-8' encoding to copy filtered resources.
2020-06-06 19:03:56,929 [Worker-29: Building] INFO  o.e.m.c.i.embedder.EclipseLogger - skip non existing resourceDirectory D:\Work_P\gitRepo\WETESTERR-MENTEE-YOGESH\yogesh_test\src\test\resources
2020-06-06 19:04:05,178 [Worker-28: Building] INFO  o.e.m.c.i.embedder.EclipseLogger - Using 'UTF-8' encoding to copy filtered resources.
2020-06-06 19:04:05,178 [Worker-28: Building] INFO  o.e.m.c.i.embedder.EclipseLogger - skip non existing resourceDirectory D:\Work_P\gitRepo\WETESTERR-MENTEE-YOGESH\yogesh_test\src\main\resources
2020-06-06 19:04:05,180 [Worker-28: Building] INFO  o.e.m.c.i.embedder.EclipseLogger - Using 'UTF-8' encoding to copy filtered resources.
2020-06-06 19:04:05,180 [Worker-28: Building] INFO  o.e.m.c.i.embedder.EclipseLogger - skip non existing resourceDirectory D:\Work_P\gitRepo\WETESTERR-MENTEE-YOGESH\yogesh_test\src\test\resources
2020-06-06 19:04:36,456 [Worker-29: Building] INFO  o.e.m.c.i.embedder.EclipseLogger - Using 'UTF-8' encoding to copy filtered resources.
2020-06-06 19:04:36,457 [Worker-29: Building] INFO  o.e.m.c.i.embedder.EclipseLogger - skip non existing resourceDirectory D:\Work_P\gitRepo\WETESTERR-MENTEE-YOGESH\yogesh_test\src\main\resources
2020-06-06 19:04:36,458 [Worker-29: Building] INFO  o.e.m.c.i.embedder.EclipseLogger - Using 'UTF-8' encoding to copy filtered resources.
2020-06-06 19:04:36,458 [Worker-29: Building] INFO  o.e.m.c.i.embedder.EclipseLogger - skip non existing resourceDirectory D:\Work_P\gitRepo\WETESTERR-MENTEE-YOGESH\yogesh_test\src\test\resources
